#
# There is insufficient memory for the Java Runtime Environment to continue.
# Native memory allocation (mmap) failed to map 67108864 bytes for G1 virtual space
# Possible reasons:
#   The system is out of physical RAM or swap space
#   The process is running with CompressedOops enabled, and the Java Heap may be blocking the growth of the native heap
# Possible solutions:
#   Reduce memory load on the system
#   Increase physical memory or swap space
#   Check if swap backing store is full
#   Decrease Java heap size (-Xmx/-Xms)
#   Decrease number of Java threads
#   Decrease Java thread stack sizes (-Xss)
#   Set larger code cache with -XX:ReservedCodeCacheSize=
#   JVM is running with Unscaled Compressed Oops mode in which the Java heap is
#     placed in the first 4GB address space. The Java Heap base address is the
#     maximum limit for the native heap growth. Please use -XX:HeapBaseMinAddress
#     to set the Java Heap base and to place the Java Heap above 4GB virtual address.
# This output file may be truncated or incomplete.
#
#  Out of Memory Error (os_windows.cpp:3466), pid=12936, tid=1512
#
# JRE version:  (16.0.1+9) (build )
# Java VM: Java HotSpot(TM) 64-Bit Server VM (16.0.1+9-24, mixed mode, sharing, tiered, compressed oops, compressed class ptrs, g1 gc, windows-amd64)
# No core dump will be written. Minidumps are not enabled by default on client versions of Windows
#

---------------  S U M M A R Y ------------

Command Line: -Dfile.encoding=Cp1252 -XX:+ShowCodeDetailsInExceptionMessages jogodaforca.index

Host: Intel(R) Celeron(R) CPU 3215U @ 1.70GHz, 2 cores, 3G,  Windows 10 , 64 bit Build 19041 (10.0.19041.1151)
Time: Fri Aug 20 02:50:37 2021 Hora Padrão de Buenos Aires elapsed time: 0.106991 seconds (0d 0h 0m 0s)

---------------  T H R E A D  ---------------

Current thread (0x000001ad6021b180):  JavaThread "Unknown thread" [_thread_in_vm, id=1512, stack(0x0000000f97d00000,0x0000000f97e00000)]

Stack: [0x0000000f97d00000,0x0000000f97e00000]
Native frames: (J=compiled Java code, j=interpreted, Vv=VM code, C=native code)
V  [jvm.dll+0x6687ca]
V  [jvm.dll+0x7ca3c9]
V  [jvm.dll+0x7cbb53]
V  [jvm.dll+0x7cc1b3]
V  [jvm.dll+0x242ea5]
V  [jvm.dll+0x665589]
V  [jvm.dll+0x65a175]
V  [jvm.dll+0x2fc5ab]
V  [jvm.dll+0x3037a6]
V  [jvm.dll+0x352fee]
V  [jvm.dll+0x35321f]
V  [jvm.dll+0x2d3618]
V  [jvm.dll+0x2d4854]
V  [jvm.dll+0x79ccb1]
V  [jvm.dll+0x360de1]
V  [jvm.dll+0x77a990]
V  [jvm.dll+0x3e55af]
V  [jvm.dll+0x3e7081]
C  [jli.dll+0x52fb]
C  [ucrtbase.dll+0x21bb2]
C  [KERNEL32.DLL+0x17034]
C  [ntdll.dll+0x52651]


---------------  P R O C E S S  ---------------

Threads class SMR info:
_java_thread_list=0x00007ffd1748cbb8, length=0, elements={
}

Java Threads: ( => current thread )

Other Threads:
  0x000001ad6024a6f0 GCTaskThread "GC Thread#0" [stack: 0x0000000f97e00000,0x0000000f97f00000] [id=7132]
  0x000001ad60254350 ConcurrentGCThread "G1 Main Marker" [stack: 0x0000000f97f00000,0x0000000f98000000] [id=13288]
  0x000001ad602565c0 ConcurrentGCThread "G1 Conc#0" [stack: 0x0000000f98000000,0x0000000f98100000] [id=1116]

[error occurred during error reporting (printing all threads), id 0xc0000005, EXCEPTION_ACCESS_VIOLATION (0xc0000005) at pc=0x00007ffd16c644d7]

VM state: not at safepoint (not fully initialized)

VM Mutex/Monitor currently owned by a thread:  ([mutex/lock_event])
[0x000001ad60215b90] Heap_lock - owner thread: 0x000001ad6021b180

Heap address: 0x00000000c1800000, size: 1000 MB, Compressed Oops mode: 32-bit

CDS archive(s) mapped at: [0x0000000000000000-0x0000000000000000-0x0000000000000000), size 0, SharedBaseAddress: 0x0000000800000000, ArchiveRelocationMode: 0.
Narrow klass base: 0x0000000000000000, Narrow klass shift: 0, Narrow klass range: 0x0

GC Precious Log:
<Empty>

Heap:
 garbage-first heap   total 0K, used 0K [0x00000000c1800000, 0x0000000100000000)
  region size 1024K, 0 young (0K), 0 survivors (0K)

[error occurred during error reporting (printing heap information), id 0xc0000005, EXCEPTION_ACCESS_VIOLATION (0xc0000005) at pc=0x00007ffd170424ed]

GC Heap History (0 events):
No events

Deoptimization events (0 events):
No events

Classes unloaded (0 events):
No events

Classes redefined (0 events):
No events

Internal exceptions (0 events):
No events

Events (1 events):
Event: 0.011 Loaded shared library C:\Program Files\Java\jdk-16.0.1\bin\java.dll


Dynamic libraries:
0x00007ff711a70000 - 0x00007ff711a80000 	C:\Program Files\Java\jdk-16.0.1\bin\javaw.exe
0x00007ffd6f7d0000 - 0x00007ffd6f9c5000 	C:\WINDOWS\SYSTEM32\ntdll.dll
0x00007ffd6d840000 - 0x00007ffd6d8fd000 	C:\WINDOWS\System32\KERNEL32.DLL
0x00007ffd6cf00000 - 0x00007ffd6d1c9000 	C:\WINDOWS\System32\KERNELBASE.dll
0x00007ffd6d690000 - 0x00007ffd6d790000 	C:\WINDOWS\System32\ucrtbase.dll
0x00007ffd67e40000 - 0x00007ffd67e58000 	C:\Program Files\Java\jdk-16.0.1\bin\jli.dll
0x00007ffd6da60000 - 0x00007ffd6db0c000 	C:\WINDOWS\System32\ADVAPI32.dll
0x00007ffd6e240000 - 0x00007ffd6e2de000 	C:\WINDOWS\System32\msvcrt.dll
0x00007ffd6d900000 - 0x00007ffd6d99b000 	C:\WINDOWS\System32\sechost.dll
0x00007ffd6df00000 - 0x00007ffd6e02a000 	C:\WINDOWS\System32\RPCRT4.dll
0x00007ffd6e680000 - 0x00007ffd6e820000 	C:\WINDOWS\System32\USER32.dll
0x00007ffd6d450000 - 0x00007ffd6d472000 	C:\WINDOWS\System32\win32u.dll
0x00007ffd6da30000 - 0x00007ffd6da5a000 	C:\WINDOWS\System32\GDI32.dll
0x00007ffd6d480000 - 0x00007ffd6d58b000 	C:\WINDOWS\System32\gdi32full.dll
0x00007ffd6d790000 - 0x00007ffd6d82d000 	C:\WINDOWS\System32\msvcp_win.dll
0x00007ffd5e9d0000 - 0x00007ffd5ec6a000 	C:\WINDOWS\WinSxS\amd64_microsoft.windows.common-controls_6595b64144ccf1df_6.0.19041.1110_none_60b5254171f9507e\COMCTL32.dll
0x00007ffd625d0000 - 0x00007ffd625da000 	C:\WINDOWS\SYSTEM32\VERSION.dll
0x00007ffd67dd0000 - 0x00007ffd67de9000 	C:\Program Files\Java\jdk-16.0.1\bin\VCRUNTIME140.dll
0x00007ffd6e2e0000 - 0x00007ffd6e310000 	C:\WINDOWS\System32\IMM32.DLL
0x00007ffd688c0000 - 0x00007ffd688cc000 	C:\Program Files\Java\jdk-16.0.1\bin\vcruntime140_1.dll
0x00007ffd3d240000 - 0x00007ffd3d2d1000 	C:\Program Files\Java\jdk-16.0.1\bin\msvcp140.dll
0x00007ffd16980000 - 0x00007ffd1752b000 	C:\Program Files\Java\jdk-16.0.1\bin\server\jvm.dll
0x00007ffd6d830000 - 0x00007ffd6d838000 	C:\WINDOWS\System32\PSAPI.DLL
0x00007ffd67e60000 - 0x00007ffd67e69000 	C:\WINDOWS\SYSTEM32\WSOCK32.dll
0x00007ffd6e120000 - 0x00007ffd6e18b000 	C:\WINDOWS\System32\WS2_32.dll
0x00007ffd561b0000 - 0x00007ffd561d7000 	C:\WINDOWS\SYSTEM32\WINMM.dll
0x00007ffd6ae10000 - 0x00007ffd6ae22000 	C:\WINDOWS\SYSTEM32\kernel.appcore.dll
0x00007ffd67dc0000 - 0x00007ffd67dca000 	C:\Program Files\Java\jdk-16.0.1\bin\jimage.dll
0x00007ffd5d9a0000 - 0x00007ffd5db84000 	C:\WINDOWS\SYSTEM32\DBGHELP.DLL
0x00007ffd5caf0000 - 0x00007ffd5cb1c000 	C:\WINDOWS\SYSTEM32\dbgcore.DLL
0x00007ffd6d3c0000 - 0x00007ffd6d443000 	C:\WINDOWS\System32\bcryptPrimitives.dll
0x00007ffd60ff0000 - 0x00007ffd61015000 	C:\Program Files\Java\jdk-16.0.1\bin\java.dll

dbghelp: loaded successfully - version: 4.0.5 - missing functions: none
symbol engine: initialized successfully - sym options: 0x614 - pdb path: .;C:\Program Files\Java\jdk-16.0.1\bin;C:\WINDOWS\SYSTEM32;C:\WINDOWS\WinSxS\amd64_microsoft.windows.common-controls_6595b64144ccf1df_6.0.19041.1110_none_60b5254171f9507e;C:\Program Files\Java\jdk-16.0.1\bin\server

VM Arguments:
jvm_args: -Dfile.encoding=Cp1252 -XX:+ShowCodeDetailsInExceptionMessages 
java_command: jogodaforca.index
java_class_path (initial): C:\Users\2001h\eclipse-workspace\jogodaforca\bin
Launcher Type: SUN_STANDARD

[Global flags]
     intx CICompilerCount                          = 2                                         {product} {ergonomic}
     uint ConcGCThreads                            = 1                                         {product} {ergonomic}
     uint G1ConcRefinementThreads                  = 2                                         {product} {ergonomic}
   size_t G1HeapRegionSize                         = 1048576                                   {product} {ergonomic}
    uintx GCDrainStackTargetSize                   = 64                                        {product} {ergonomic}
   size_t InitialHeapSize                          = 67108864                                  {product} {ergonomic}
   size_t MarkStackSize                            = 4194304                                   {product} {ergonomic}
   size_t MaxHeapSize                              = 1048576000                                {product} {ergonomic}
   size_t MinHeapDeltaBytes                        = 1048576                                   {product} {ergonomic}
   size_t MinHeapSize                              = 8388608                                   {product} {ergonomic}
    uintx NonNMethodCodeHeapSize                   = 5826188                                {pd product} {ergonomic}
    uintx NonProfiledCodeHeapSize                  = 122916026                              {pd product} {ergonomic}
    uintx ProfiledCodeHeapSize                     = 122916026                              {pd product} {ergonomic}
    uintx ReservedCodeCacheSize                    = 251658240                              {pd product} {ergonomic}
     bool SegmentedCodeCache                       = true                                      {product} {ergonomic}
     bool ShowCodeDetailsInExceptionMessages       = true                                   {manageable} {command line}
   size_t SoftMaxHeapSize                          = 1048576000                             {manageable} {ergonomic}
     bool UseCompressedClassPointers               = true                           {product lp64_product} {ergonomic}
     bool UseCompressedOops                        = true                           {product lp64_product} {ergonomic}
     bool UseG1GC                                  = true                                      {product} {ergonomic}
     bool UseLargePagesIndividualAllocation        = false                                  {pd product} {ergonomic}

Logging:
Log output configuration:
 #0: stdout all=warning uptime,level,tags
 #1: stderr all=off uptime,level,tags

Environment Variables:
JAVA_HOME=C:\Program Files\Java\jdk-11.0.12
PATH=C:/Program Files/Java/jdk-11.0.12/bin/server;C:/Program Files/Java/jdk-11.0.12/bin;C:\Program Files\Java\jdk-11.0.12\bin;C:\Program Files\Common Files\Oracle\Java\javapath;C:\Program Files (x86)\Common Files\Oracle\Java\javapath;C:\WINDOWS\system32;C:\WINDOWS;C:\WINDOWS\System32\Wbem;C:\WINDOWS\System32\WindowsPowerShell\v1.0\;C:\WINDOWS\System32\OpenSSH\;C:\Program Files\nodejs\;C:\Program Files\Microsoft SQL Server\130\Tools\Binn\;C:\Program Files\Microsoft SQL Server\Client SDK\ODBC\170\Tools\Binn\;C:\Program Files (x86)\Microsoft SQL Server\150\Tools\Binn\;C:\Program Files\Microsoft SQL Server\150\Tools\Binn\;C:\Program Files\Microsoft SQL Server\150\DTS\Binn\;C:\Program Files (x86)\Microsoft SQL Server\150\DTS\Binn\;C:\Program Files\Azure Data Studio\bin;C:\Program Files (x86)\Yarn\bin\;C:\Program Files\Git\cmd;C:\Program Files\MySQL\MySQL Shell 8.0\bin\;C:\Program Files\Java\jdk-11.0.12\bin;C:\Users\2001h\AppData\Local\Programs\Python\Python39\Scripts\;C:\Users\2001h\AppData\Local\Programs\Python\Python39\;C:\Users\2001h\AppData\Local\Programs\Python\Launcher\;C:\Program Files\MySQL\MySQL Server 8.0\bin;C:\Users\2001h\AppData\Local\Yarn\bin;C:\Program Files\heroku\client\bin;;C:\Users\2001h\OneDrive\Área de Trabalho;
USERNAME=2001h
OS=Windows_NT
PROCESSOR_IDENTIFIER=Intel64 Family 6 Model 61 Stepping 4, GenuineIntel



---------------  S Y S T E M  ---------------

OS:
 Windows 10 , 64 bit Build 19041 (10.0.19041.1151)
OS uptime: 6 days 15:20 hours

CPU: total 2 (initial active 2) (2 cores per cpu, 1 threads per core) family 6 model 61 stepping 4 microcode 0x2f, cx8, cmov, fxsr, mmx, 3dnowpref, sse, sse2, sse3, ssse3, sse4.1, sse4.2, popcnt, lzcnt, tsc, tscinvbit, erms, clmul, clflush

Memory: 4k page, system-wide physical 3994M (1316M free)
TotalPageFile size 8018M (AvailPageFile size 31M)
current process WorkingSet (physical memory assigned to process): 9M, peak: 9M
current process commit charge ("private bytes"): 47M, peak: 111M

vm_info: Java HotSpot(TM) 64-Bit Server VM (16.0.1+9-24) for windows-amd64 JRE (16.0.1+9-24), built on Mar 26 2021 19:31:42 by "mach5one" with MS VC++ 16.7 (VS2019)

END.
