#
# There is insufficient memory for the Java Runtime Environment to continue.
# Native memory allocation (malloc) failed to allocate 32744 bytes for ChunkPool::allocate
# Possible reasons:
#   The system is out of physical RAM or swap space
#   The process is running with CompressedOops enabled, and the Java Heap may be blocking the growth of the native heap
# Possible solutions:
#   Reduce memory load on the system
#   Increase physical memory or swap space
#   Check if swap backing store is full
#   Decrease Java heap size (-Xmx/-Xms)
#   Decrease number of Java threads
#   Decrease Java thread stack sizes (-Xss)
#   Set larger code cache with -XX:ReservedCodeCacheSize=
#   JVM is running with Unscaled Compressed Oops mode in which the Java heap is
#     placed in the first 4GB address space. The Java Heap base address is the
#     maximum limit for the native heap growth. Please use -XX:HeapBaseMinAddress
#     to set the Java Heap base and to place the Java Heap above 4GB virtual address.
# This output file may be truncated or incomplete.
#
#  Out of Memory Error (arena.cpp:79), pid=13044, tid=4544
#
# JRE version: Java(TM) SE Runtime Environment (16.0.1+9) (build 16.0.1+9-24)
# Java VM: Java HotSpot(TM) 64-Bit Server VM (16.0.1+9-24, mixed mode, tiered, compressed oops, compressed class ptrs, g1 gc, windows-amd64)
# No core dump will be written. Minidumps are not enabled by default on client versions of Windows
#

---------------  S U M M A R Y ------------

Command Line: -Dfile.encoding=Cp1252 -XX:+ShowCodeDetailsInExceptionMessages jogodaforca.index

Host: Intel(R) Celeron(R) CPU 3215U @ 1.70GHz, 2 cores, 3G,  Windows 10 , 64 bit Build 19041 (10.0.19041.1151)
Time: Fri Aug 20 02:50:26 2021 Hora Padrão de Buenos Aires elapsed time: 0.807903 seconds (0d 0h 0m 0s)

---------------  T H R E A D  ---------------

Current thread (0x000002b00f1916e0):  JavaThread "C2 CompilerThread0" daemon [_thread_in_native, id=4544, stack(0x000000b139600000,0x000000b139700000)]


Current CompileTask:
C2:    808  122       4       java.lang.String::charAt (25 bytes)

Stack: [0x000000b139600000,0x000000b139700000]
Native frames: (J=compiled Java code, j=interpreted, Vv=VM code, C=native code)
V  [jvm.dll+0x6687ca]
V  [jvm.dll+0x7ca3c9]
V  [jvm.dll+0x7cbb53]
V  [jvm.dll+0x7cc1b3]
V  [jvm.dll+0x242ea5]
V  [jvm.dll+0xae25f]
V  [jvm.dll+0xae5ac]
V  [jvm.dll+0x11ba88]
V  [jvm.dll+0x6922db]
V  [jvm.dll+0x1b9ffd]
V  [jvm.dll+0x216066]
V  [jvm.dll+0x215350]
V  [jvm.dll+0x1a1d9b]
V  [jvm.dll+0x2253a8]
V  [jvm.dll+0x2233ec]
V  [jvm.dll+0x780002]
V  [jvm.dll+0x779b4a]
V  [jvm.dll+0x667666]
C  [ucrtbase.dll+0x21bb2]
C  [KERNEL32.DLL+0x17034]
C  [ntdll.dll+0x52651]


---------------  P R O C E S S  ---------------

Threads class SMR info:
_java_thread_list=0x000002b00fcf1000, length=12, elements={
0x000002b0707b8780, 0x000002b00f157250, 0x000002b00f15aa50, 0x000002b00f18c9b0,
0x000002b00f18f7d0, 0x000002b00f1900e0, 0x000002b00f1909f0, 0x000002b00f1916e0,
0x000002b00fc149d0, 0x000002b00fc176e0, 0x000002b00fd16e70, 0x000002b00fd296b0
}

Java Threads: ( => current thread )
  0x000002b0707b8780 JavaThread "main" [_thread_in_vm, id=4700, stack(0x000000b138900000,0x000000b138a00000)]
  0x000002b00f157250 JavaThread "Reference Handler" daemon [_thread_blocked, id=10072, stack(0x000000b139000000,0x000000b139100000)]
  0x000002b00f15aa50 JavaThread "Finalizer" daemon [_thread_blocked, id=4936, stack(0x000000b139100000,0x000000b139200000)]
  0x000002b00f18c9b0 JavaThread "Signal Dispatcher" daemon [_thread_blocked, id=10420, stack(0x000000b139200000,0x000000b139300000)]
  0x000002b00f18f7d0 JavaThread "Attach Listener" daemon [_thread_blocked, id=3880, stack(0x000000b139300000,0x000000b139400000)]
  0x000002b00f1900e0 JavaThread "Service Thread" daemon [_thread_blocked, id=6880, stack(0x000000b139400000,0x000000b139500000)]
  0x000002b00f1909f0 JavaThread "Monitor Deflation Thread" daemon [_thread_blocked, id=12984, stack(0x000000b139500000,0x000000b139600000)]
=>0x000002b00f1916e0 JavaThread "C2 CompilerThread0" daemon [_thread_in_native, id=4544, stack(0x000000b139600000,0x000000b139700000)]
  0x000002b00fc149d0 JavaThread "C1 CompilerThread0" daemon [_thread_blocked, id=11880, stack(0x000000b139700000,0x000000b139800000)]
  0x000002b00fc176e0 JavaThread "Sweeper thread" daemon [_thread_blocked, id=11404, stack(0x000000b139800000,0x000000b139900000)]
  0x000002b00fd16e70 JavaThread "Notification Thread" daemon [_thread_blocked, id=12472, stack(0x000000b139900000,0x000000b139a00000)]
  0x000002b00fd296b0 JavaThread "Common-Cleaner" daemon [_thread_blocked, id=408, stack(0x000000b139b00000,0x000000b139c00000)]

Other Threads:
  0x000002b00f0fd830 VMThread "VM Thread" [stack: 0x000000b138f00000,0x000000b139000000] [id=12152]
  0x000002b00fd293c0 WatcherThread [stack: 0x000000b139a00000,0x000000b139b00000] [id=7096]
  0x000002b0707e7fd0 GCTaskThread "GC Thread#0" [stack: 0x000000b138a00000,0x000000b138b00000] [id=4904]
  0x000002b0707f1c30 ConcurrentGCThread "G1 Main Marker" [stack: 0x000000b138b00000,0x000000b138c00000] [id=12804]
  0x000002b0707f2e90 ConcurrentGCThread "G1 Conc#0" [stack: 0x000000b138c00000,0x000000b138d00000] [id=13080]
  0x000002b070837220 ConcurrentGCThread "G1 Refine#0" [stack: 0x000000b138d00000,0x000000b138e00000] [id=6564]
  0x000002b070838350 ConcurrentGCThread "G1 Service" [stack: 0x000000b138e00000,0x000000b138f00000] [id=13204]

Threads with active compile tasks:
C2 CompilerThread0      982  122       4       java.lang.String::charAt (25 bytes)

VM state: not at safepoint (normal execution)

VM Mutex/Monitor currently owned by a thread:  ([mutex/lock_event])
[0x000002b0705f15d0] MetaspaceExpand_lock - owner thread: 0x000002b0707b8780

Heap address: 0x00000000c1800000, size: 1000 MB, Compressed Oops mode: 32-bit

CDS disabled.
Compressed class space mapped at: 0x0000000100000000-0x0000000140000000, reserved size: 1073741824
Narrow klass base: 0x0000000000000000, Narrow klass shift: 3, Narrow klass range: 0x140000000

GC Precious Log:
 CPUs: 2 total, 2 available
 Memory: 3994M
 Large Page Support: Disabled
 NUMA Support: Disabled
 Compressed Oops: Enabled (32-bit)
 Heap Region Size: 1M
 Heap Min Capacity: 8M
 Heap Initial Capacity: 64M
 Heap Max Capacity: 1000M
 Pre-touch: Disabled
 Parallel Workers: 2
 Concurrent Workers: 1
 Concurrent Refinement Workers: 2
 Periodic GC: Disabled

Heap:
 garbage-first heap   total 65536K, used 1024K [0x00000000c1800000, 0x0000000100000000)
  region size 1024K, 2 young (2048K), 0 survivors (0K)
 Metaspace       used 6082K, committed 6144K, reserved 1056768K
  class space    used 496K, committed 512K, reserved 1048576K

Heap Regions: E=young(eden), S=young(survivor), O=old, HS=humongous(starts), HC=humongous(continues), CS=collection set, F=free, OA=open archive, CA=closed archive, TAMS=top-at-mark-start (previous, next)
|   0|0x00000000c1800000, 0x00000000c1800000, 0x00000000c1900000|  0%| F|  |TAMS 0x00000000c1800000, 0x00000000c1800000| Untracked 
|   1|0x00000000c1900000, 0x00000000c1900000, 0x00000000c1a00000|  0%| F|  |TAMS 0x00000000c1900000, 0x00000000c1900000| Untracked 
|   2|0x00000000c1a00000, 0x00000000c1a00000, 0x00000000c1b00000|  0%| F|  |TAMS 0x00000000c1a00000, 0x00000000c1a00000| Untracked 
|   3|0x00000000c1b00000, 0x00000000c1b00000, 0x00000000c1c00000|  0%| F|  |TAMS 0x00000000c1b00000, 0x00000000c1b00000| Untracked 
|   4|0x00000000c1c00000, 0x00000000c1c00000, 0x00000000c1d00000|  0%| F|  |TAMS 0x00000000c1c00000, 0x00000000c1c00000| Untracked 
|   5|0x00000000c1d00000, 0x00000000c1d00000, 0x00000000c1e00000|  0%| F|  |TAMS 0x00000000c1d00000, 0x00000000c1d00000| Untracked 
|   6|0x00000000c1e00000, 0x00000000c1e00000, 0x00000000c1f00000|  0%| F|  |TAMS 0x00000000c1e00000, 0x00000000c1e00000| Untracked 
|   7|0x00000000c1f00000, 0x00000000c1f00000, 0x00000000c2000000|  0%| F|  |TAMS 0x00000000c1f00000, 0x00000000c1f00000| Untracked 
|   8|0x00000000c2000000, 0x00000000c2000000, 0x00000000c2100000|  0%| F|  |TAMS 0x00000000c2000000, 0x00000000c2000000| Untracked 
|   9|0x00000000c2100000, 0x00000000c2100000, 0x00000000c2200000|  0%| F|  |TAMS 0x00000000c2100000, 0x00000000c2100000| Untracked 
|  10|0x00000000c2200000, 0x00000000c2200000, 0x00000000c2300000|  0%| F|  |TAMS 0x00000000c2200000, 0x00000000c2200000| Untracked 
|  11|0x00000000c2300000, 0x00000000c2300000, 0x00000000c2400000|  0%| F|  |TAMS 0x00000000c2300000, 0x00000000c2300000| Untracked 
|  12|0x00000000c2400000, 0x00000000c2400000, 0x00000000c2500000|  0%| F|  |TAMS 0x00000000c2400000, 0x00000000c2400000| Untracked 
|  13|0x00000000c2500000, 0x00000000c2500000, 0x00000000c2600000|  0%| F|  |TAMS 0x00000000c2500000, 0x00000000c2500000| Untracked 
|  14|0x00000000c2600000, 0x00000000c2600000, 0x00000000c2700000|  0%| F|  |TAMS 0x00000000c2600000, 0x00000000c2600000| Untracked 
|  15|0x00000000c2700000, 0x00000000c2700000, 0x00000000c2800000|  0%| F|  |TAMS 0x00000000c2700000, 0x00000000c2700000| Untracked 
|  16|0x00000000c2800000, 0x00000000c2800000, 0x00000000c2900000|  0%| F|  |TAMS 0x00000000c2800000, 0x00000000c2800000| Untracked 
|  17|0x00000000c2900000, 0x00000000c2900000, 0x00000000c2a00000|  0%| F|  |TAMS 0x00000000c2900000, 0x00000000c2900000| Untracked 
|  18|0x00000000c2a00000, 0x00000000c2a00000, 0x00000000c2b00000|  0%| F|  |TAMS 0x00000000c2a00000, 0x00000000c2a00000| Untracked 
|  19|0x00000000c2b00000, 0x00000000c2b00000, 0x00000000c2c00000|  0%| F|  |TAMS 0x00000000c2b00000, 0x00000000c2b00000| Untracked 
|  20|0x00000000c2c00000, 0x00000000c2c00000, 0x00000000c2d00000|  0%| F|  |TAMS 0x00000000c2c00000, 0x00000000c2c00000| Untracked 
|  21|0x00000000c2d00000, 0x00000000c2d00000, 0x00000000c2e00000|  0%| F|  |TAMS 0x00000000c2d00000, 0x00000000c2d00000| Untracked 
|  22|0x00000000c2e00000, 0x00000000c2e00000, 0x00000000c2f00000|  0%| F|  |TAMS 0x00000000c2e00000, 0x00000000c2e00000| Untracked 
|  23|0x00000000c2f00000, 0x00000000c2f00000, 0x00000000c3000000|  0%| F|  |TAMS 0x00000000c2f00000, 0x00000000c2f00000| Untracked 
|  24|0x00000000c3000000, 0x00000000c3000000, 0x00000000c3100000|  0%| F|  |TAMS 0x00000000c3000000, 0x00000000c3000000| Untracked 
|  25|0x00000000c3100000, 0x00000000c3100000, 0x00000000c3200000|  0%| F|  |TAMS 0x00000000c3100000, 0x00000000c3100000| Untracked 
|  26|0x00000000c3200000, 0x00000000c3200000, 0x00000000c3300000|  0%| F|  |TAMS 0x00000000c3200000, 0x00000000c3200000| Untracked 
|  27|0x00000000c3300000, 0x00000000c3300000, 0x00000000c3400000|  0%| F|  |TAMS 0x00000000c3300000, 0x00000000c3300000| Untracked 
|  28|0x00000000c3400000, 0x00000000c3400000, 0x00000000c3500000|  0%| F|  |TAMS 0x00000000c3400000, 0x00000000c3400000| Untracked 
|  29|0x00000000c3500000, 0x00000000c3500000, 0x00000000c3600000|  0%| F|  |TAMS 0x00000000c3500000, 0x00000000c3500000| Untracked 
|  30|0x00000000c3600000, 0x00000000c3600000, 0x00000000c3700000|  0%| F|  |TAMS 0x00000000c3600000, 0x00000000c3600000| Untracked 
|  31|0x00000000c3700000, 0x00000000c3700000, 0x00000000c3800000|  0%| F|  |TAMS 0x00000000c3700000, 0x00000000c3700000| Untracked 
|  32|0x00000000c3800000, 0x00000000c3800000, 0x00000000c3900000|  0%| F|  |TAMS 0x00000000c3800000, 0x00000000c3800000| Untracked 
|  33|0x00000000c3900000, 0x00000000c3900000, 0x00000000c3a00000|  0%| F|  |TAMS 0x00000000c3900000, 0x00000000c3900000| Untracked 
|  34|0x00000000c3a00000, 0x00000000c3a00000, 0x00000000c3b00000|  0%| F|  |TAMS 0x00000000c3a00000, 0x00000000c3a00000| Untracked 
|  35|0x00000000c3b00000, 0x00000000c3b00000, 0x00000000c3c00000|  0%| F|  |TAMS 0x00000000c3b00000, 0x00000000c3b00000| Untracked 
|  36|0x00000000c3c00000, 0x00000000c3c00000, 0x00000000c3d00000|  0%| F|  |TAMS 0x00000000c3c00000, 0x00000000c3c00000| Untracked 
|  37|0x00000000c3d00000, 0x00000000c3d00000, 0x00000000c3e00000|  0%| F|  |TAMS 0x00000000c3d00000, 0x00000000c3d00000| Untracked 
|  38|0x00000000c3e00000, 0x00000000c3e00000, 0x00000000c3f00000|  0%| F|  |TAMS 0x00000000c3e00000, 0x00000000c3e00000| Untracked 
|  39|0x00000000c3f00000, 0x00000000c3f00000, 0x00000000c4000000|  0%| F|  |TAMS 0x00000000c3f00000, 0x00000000c3f00000| Untracked 
|  40|0x00000000c4000000, 0x00000000c4000000, 0x00000000c4100000|  0%| F|  |TAMS 0x00000000c4000000, 0x00000000c4000000| Untracked 
|  41|0x00000000c4100000, 0x00000000c4100000, 0x00000000c4200000|  0%| F|  |TAMS 0x00000000c4100000, 0x00000000c4100000| Untracked 
|  42|0x00000000c4200000, 0x00000000c4200000, 0x00000000c4300000|  0%| F|  |TAMS 0x00000000c4200000, 0x00000000c4200000| Untracked 
|  43|0x00000000c4300000, 0x00000000c4300000, 0x00000000c4400000|  0%| F|  |TAMS 0x00000000c4300000, 0x00000000c4300000| Untracked 
|  44|0x00000000c4400000, 0x00000000c4400000, 0x00000000c4500000|  0%| F|  |TAMS 0x00000000c4400000, 0x00000000c4400000| Untracked 
|  45|0x00000000c4500000, 0x00000000c4500000, 0x00000000c4600000|  0%| F|  |TAMS 0x00000000c4500000, 0x00000000c4500000| Untracked 
|  46|0x00000000c4600000, 0x00000000c4600000, 0x00000000c4700000|  0%| F|  |TAMS 0x00000000c4600000, 0x00000000c4600000| Untracked 
|  47|0x00000000c4700000, 0x00000000c4700000, 0x00000000c4800000|  0%| F|  |TAMS 0x00000000c4700000, 0x00000000c4700000| Untracked 
|  48|0x00000000c4800000, 0x00000000c4800000, 0x00000000c4900000|  0%| F|  |TAMS 0x00000000c4800000, 0x00000000c4800000| Untracked 
|  49|0x00000000c4900000, 0x00000000c4900000, 0x00000000c4a00000|  0%| F|  |TAMS 0x00000000c4900000, 0x00000000c4900000| Untracked 
|  50|0x00000000c4a00000, 0x00000000c4a00000, 0x00000000c4b00000|  0%| F|  |TAMS 0x00000000c4a00000, 0x00000000c4a00000| Untracked 
|  51|0x00000000c4b00000, 0x00000000c4b00000, 0x00000000c4c00000|  0%| F|  |TAMS 0x00000000c4b00000, 0x00000000c4b00000| Untracked 
|  52|0x00000000c4c00000, 0x00000000c4c00000, 0x00000000c4d00000|  0%| F|  |TAMS 0x00000000c4c00000, 0x00000000c4c00000| Untracked 
|  53|0x00000000c4d00000, 0x00000000c4d00000, 0x00000000c4e00000|  0%| F|  |TAMS 0x00000000c4d00000, 0x00000000c4d00000| Untracked 
|  54|0x00000000c4e00000, 0x00000000c4e00000, 0x00000000c4f00000|  0%| F|  |TAMS 0x00000000c4e00000, 0x00000000c4e00000| Untracked 
|  55|0x00000000c4f00000, 0x00000000c4f00000, 0x00000000c5000000|  0%| F|  |TAMS 0x00000000c4f00000, 0x00000000c4f00000| Untracked 
|  56|0x00000000c5000000, 0x00000000c5000000, 0x00000000c5100000|  0%| F|  |TAMS 0x00000000c5000000, 0x00000000c5000000| Untracked 
|  57|0x00000000c5100000, 0x00000000c5100000, 0x00000000c5200000|  0%| F|  |TAMS 0x00000000c5100000, 0x00000000c5100000| Untracked 
|  58|0x00000000c5200000, 0x00000000c5200000, 0x00000000c5300000|  0%| F|  |TAMS 0x00000000c5200000, 0x00000000c5200000| Untracked 
|  59|0x00000000c5300000, 0x00000000c5300000, 0x00000000c5400000|  0%| F|  |TAMS 0x00000000c5300000, 0x00000000c5300000| Untracked 
|  60|0x00000000c5400000, 0x00000000c5400000, 0x00000000c5500000|  0%| F|  |TAMS 0x00000000c5400000, 0x00000000c5400000| Untracked 
|  61|0x00000000c5500000, 0x00000000c5500000, 0x00000000c5600000|  0%| F|  |TAMS 0x00000000c5500000, 0x00000000c5500000| Untracked 
|  62|0x00000000c5600000, 0x00000000c563df50, 0x00000000c5700000| 24%| E|  |TAMS 0x00000000c5600000, 0x00000000c5600000| Complete 
|  63|0x00000000c5700000, 0x00000000c5800000, 0x00000000c5800000|100%| E|CS|TAMS 0x00000000c5700000, 0x00000000c5700000| Complete 

Card table byte_map: [0x000002b079cf0000,0x000002b079ef0000] _byte_map_base: 0x000002b0796e4000

Marking Bits (Prev, Next): (CMBitMap*) 0x000002b0707e9560, (CMBitMap*) 0x000002b0707e95a0
 Prev Bits: [0x000002b07a0f0000, 0x000002b07b090000)
 Next Bits: [0x000002b07b090000, 0x000002b07c030000)

Polling page: 0x000002b070590000

Metaspace:

Usage:
  Non-class:      5.46 MB used.
      Class:    496.18 KB used.
       Both:      5.94 MB used.

Virtual space:
  Non-class space:        8.00 MB reserved,       5.50 MB ( 69%) committed,  1 nodes.
      Class space:        1.00 GB reserved,     512.00 KB ( <1%) committed,  1 nodes.
              Both:        1.01 GB reserved,       6.00 MB ( <1%) committed. 

Chunk freelists:
   Non-Class:  2.48 MB
       Class:  3.51 MB
        Both:  5.99 MB

MaxMetaspaceSize: 17179869184.00 GB
CompressedClassSpaceSize: 1.00 GB
 - commit_granule_bytes: 65536.
 - commit_granule_words: 8192.
 - virtual_space_node_default_size: 1048576.
 - enlarge_chunks_in_place: 1.
 - new_chunks_are_fully_committed: 0.
 - uncommit_free_chunks: 1.
 - use_allocation_guard: 0.
 - handle_deallocations: 1.


Internal statistics:

num_allocs_failed_limit: 0.
num_arena_births: 8.
num_arena_deaths: 0.
num_vsnodes_births: 2.
num_vsnodes_deaths: 0.
num_space_committed: 96.
num_space_uncommitted: 0.
num_chunks_returned_to_freelist: 0.
num_chunks_taken_from_freelist: 17.
num_chunk_merges: 0.
num_chunk_splits: 6.
num_chunks_enlarged: 3.
num_purges: 0.

CodeHeap 'non-profiled nmethods': size=120064Kb used=38Kb max_used=38Kb free=120025Kb
 bounds [0x000002b007ac0000, 0x000002b007d30000, 0x000002b00f000000]
CodeHeap 'profiled nmethods': size=120000Kb used=182Kb max_used=182Kb free=119818Kb
 bounds [0x000002b000590000, 0x000002b000800000, 0x000002b007ac0000]
CodeHeap 'non-nmethods': size=5696Kb used=1077Kb max_used=1087Kb free=4618Kb
 bounds [0x000002b000000000, 0x000002b000270000, 0x000002b000590000]
 total_blobs=487 nmethods=145 adapters=256
 compilation: enabled
              stopped_count=0, restarted_count=0
 full_count=0

Compilation events (20 events):
Event: 0.763 Thread 0x000002b00fc149d0  137       3       java.nio.Buffer::nextGetIndex (30 bytes)
Event: 0.764 Thread 0x000002b00fc149d0 nmethod 137 0x000002b0005b9390 code [0x000002b0005b9540, 0x000002b0005b9708]
Event: 0.764 Thread 0x000002b00fc149d0  138       3       java.nio.DirectByteBuffer::ix (10 bytes)
Event: 0.764 Thread 0x000002b00fc149d0 nmethod 138 0x000002b0005b9810 code [0x000002b0005b99a0, 0x000002b0005b9ab8]
Event: 0.764 Thread 0x000002b00fc149d0  139   !   3       jdk.internal.misc.ScopedMemoryAccess::getByte (20 bytes)
Event: 0.764 Thread 0x000002b00fc149d0 nmethod 139 0x000002b0005b9b90 code [0x000002b0005b9d80, 0x000002b0005ba1d8]
Event: 0.764 Thread 0x000002b00fc149d0  140   !   3       jdk.internal.misc.ScopedMemoryAccess::getByteInternal (36 bytes)
Event: 0.765 Thread 0x000002b00fc149d0 nmethod 140 0x000002b0005ba410 code [0x000002b0005ba5c0, 0x000002b0005ba848]
Event: 0.767 Thread 0x000002b00fc149d0  142       3       java.lang.invoke.MethodType::hashCode (53 bytes)
Event: 0.767 Thread 0x000002b00fc149d0 nmethod 142 0x000002b0005baa10 code [0x000002b0005babe0, 0x000002b0005baf58]
Event: 0.767 Thread 0x000002b00fc149d0  143       3       jdk.internal.org.objectweb.asm.SymbolTable::hash (10 bytes)
Event: 0.767 Thread 0x000002b00fc149d0 nmethod 143 0x000002b0005bb110 code [0x000002b0005bb2c0, 0x000002b0005bb3e8]
Event: 0.767 Thread 0x000002b00fc149d0  144       3       java.lang.invoke.MethodType::makeImpl (108 bytes)
Event: 0.769 Thread 0x000002b00fc149d0 nmethod 144 0x000002b0005bb490 code [0x000002b0005bb740, 0x000002b0005bc558]
Event: 0.769 Thread 0x000002b00fc149d0  146       3       java.lang.AbstractStringBuilder::getCoder (15 bytes)
Event: 0.769 Thread 0x000002b00fc149d0 nmethod 146 0x000002b0005bca10 code [0x000002b0005bcba0, 0x000002b0005bccd8]
Event: 0.769 Thread 0x000002b00fc149d0  147       3       java.lang.String::getBytes (46 bytes)
Event: 0.769 Thread 0x000002b00fc149d0 nmethod 147 0x000002b0005bcd90 code [0x000002b0005bcf60, 0x000002b0005bd278]
Event: 0.769 Thread 0x000002b00fc149d0  145       3       java.lang.invoke.MethodType::<init> (15 bytes)
Event: 0.769 Thread 0x000002b00fc149d0 nmethod 145 0x000002b0005bd390 code [0x000002b0005bd540, 0x000002b0005bd758]

GC Heap History (0 events):
No events

Deoptimization events (0 events):
No events

Classes unloaded (0 events):
No events

Classes redefined (0 events):
No events

Internal exceptions (0 events):
No events

Events (20 events):
Event: 0.766 loading class java/text/spi/DecimalFormatSymbolsProvider
Event: 0.766 loading class java/text/spi/DecimalFormatSymbolsProvider done
Event: 0.767 loading class sun/util/locale/provider/DecimalFormatSymbolsProviderImpl
Event: 0.767 loading class sun/util/locale/provider/DecimalFormatSymbolsProviderImpl done
Event: 0.768 loading class java/lang/StringLatin1$CharsSpliterator
Event: 0.768 loading class java/util/Spliterator$OfInt
Event: 0.768 loading class java/util/Spliterator$OfPrimitive
Event: 0.768 loading class java/util/Spliterator
Event: 0.768 loading class java/util/Spliterator done
Event: 0.768 loading class java/util/Spliterator$OfPrimitive done
Event: 0.768 loading class java/util/Spliterator$OfInt done
Event: 0.768 loading class java/lang/StringLatin1$CharsSpliterator done
Event: 0.768 loading class java/util/stream/StreamSupport
Event: 0.768 loading class java/util/stream/StreamSupport done
Event: 0.769 loading class java/util/stream/IntPipeline$Head
Event: 0.769 loading class java/util/stream/IntPipeline
Event: 0.769 loading class java/util/stream/IntStream
Event: 0.770 loading class java/util/stream/BaseStream
Event: 0.770 loading class java/util/stream/BaseStream done
Event: 0.770 loading class java/util/stream/IntStream done


Dynamic libraries:
0x00007ff711a70000 - 0x00007ff711a80000 	C:\Program Files\Java\jdk-16.0.1\bin\javaw.exe
0x00007ffd6f7d0000 - 0x00007ffd6f9c5000 	C:\WINDOWS\SYSTEM32\ntdll.dll
0x00007ffd6d840000 - 0x00007ffd6d8fd000 	C:\WINDOWS\System32\KERNEL32.DLL
0x00007ffd6cf00000 - 0x00007ffd6d1c9000 	C:\WINDOWS\System32\KERNELBASE.dll
0x00007ffd6d690000 - 0x00007ffd6d790000 	C:\WINDOWS\System32\ucrtbase.dll
0x00007ffd67e40000 - 0x00007ffd67e58000 	C:\Program Files\Java\jdk-16.0.1\bin\jli.dll
0x00007ffd6da60000 - 0x00007ffd6db0c000 	C:\WINDOWS\System32\ADVAPI32.dll
0x00007ffd6e240000 - 0x00007ffd6e2de000 	C:\WINDOWS\System32\msvcrt.dll
0x00007ffd6d900000 - 0x00007ffd6d99b000 	C:\WINDOWS\System32\sechost.dll
0x00007ffd6df00000 - 0x00007ffd6e02a000 	C:\WINDOWS\System32\RPCRT4.dll
0x00007ffd6e680000 - 0x00007ffd6e820000 	C:\WINDOWS\System32\USER32.dll
0x00007ffd6d450000 - 0x00007ffd6d472000 	C:\WINDOWS\System32\win32u.dll
0x00007ffd6da30000 - 0x00007ffd6da5a000 	C:\WINDOWS\System32\GDI32.dll
0x00007ffd6d480000 - 0x00007ffd6d58b000 	C:\WINDOWS\System32\gdi32full.dll
0x00007ffd6d790000 - 0x00007ffd6d82d000 	C:\WINDOWS\System32\msvcp_win.dll
0x00007ffd67dd0000 - 0x00007ffd67de9000 	C:\Program Files\Java\jdk-16.0.1\bin\VCRUNTIME140.dll
0x00007ffd5e9d0000 - 0x00007ffd5ec6a000 	C:\WINDOWS\WinSxS\amd64_microsoft.windows.common-controls_6595b64144ccf1df_6.0.19041.1110_none_60b5254171f9507e\COMCTL32.dll
0x00007ffd625d0000 - 0x00007ffd625da000 	C:\WINDOWS\SYSTEM32\VERSION.dll
0x00007ffd6e2e0000 - 0x00007ffd6e310000 	C:\WINDOWS\System32\IMM32.DLL
0x00007ffd688c0000 - 0x00007ffd688cc000 	C:\Program Files\Java\jdk-16.0.1\bin\vcruntime140_1.dll
0x00007ffd3d240000 - 0x00007ffd3d2d1000 	C:\Program Files\Java\jdk-16.0.1\bin\msvcp140.dll
0x00007ffd16980000 - 0x00007ffd1752b000 	C:\Program Files\Java\jdk-16.0.1\bin\server\jvm.dll
0x00007ffd6d830000 - 0x00007ffd6d838000 	C:\WINDOWS\System32\PSAPI.DLL
0x00007ffd67e60000 - 0x00007ffd67e69000 	C:\WINDOWS\SYSTEM32\WSOCK32.dll
0x00007ffd6e120000 - 0x00007ffd6e18b000 	C:\WINDOWS\System32\WS2_32.dll
0x00007ffd561b0000 - 0x00007ffd561d7000 	C:\WINDOWS\SYSTEM32\WINMM.dll
0x00007ffd6ae10000 - 0x00007ffd6ae22000 	C:\WINDOWS\SYSTEM32\kernel.appcore.dll
0x00007ffd67dc0000 - 0x00007ffd67dca000 	C:\Program Files\Java\jdk-16.0.1\bin\jimage.dll
0x00007ffd5d9a0000 - 0x00007ffd5db84000 	C:\WINDOWS\SYSTEM32\DBGHELP.DLL
0x00007ffd5caf0000 - 0x00007ffd5cb1c000 	C:\WINDOWS\SYSTEM32\dbgcore.DLL
0x00007ffd6d3c0000 - 0x00007ffd6d443000 	C:\WINDOWS\System32\bcryptPrimitives.dll
0x00007ffd60ff0000 - 0x00007ffd61015000 	C:\Program Files\Java\jdk-16.0.1\bin\java.dll
0x00007ffd6f050000 - 0x00007ffd6f78f000 	C:\WINDOWS\System32\SHELL32.dll
0x00007ffd6b010000 - 0x00007ffd6b7a0000 	C:\WINDOWS\SYSTEM32\windows.storage.dll
0x00007ffd6e310000 - 0x00007ffd6e665000 	C:\WINDOWS\System32\combase.dll
0x00007ffd6c960000 - 0x00007ffd6c98c000 	C:\WINDOWS\SYSTEM32\Wldp.dll
0x00007ffd6e190000 - 0x00007ffd6e23e000 	C:\WINDOWS\System32\SHCORE.dll
0x00007ffd6ddd0000 - 0x00007ffd6de25000 	C:\WINDOWS\System32\shlwapi.dll
0x00007ffd6ce40000 - 0x00007ffd6ce5f000 	C:\WINDOWS\SYSTEM32\profapi.dll

dbghelp: loaded successfully - version: 4.0.5 - missing functions: none
symbol engine: initialized successfully - sym options: 0x614 - pdb path: .;C:\Program Files\Java\jdk-16.0.1\bin;C:\WINDOWS\SYSTEM32;C:\WINDOWS\WinSxS\amd64_microsoft.windows.common-controls_6595b64144ccf1df_6.0.19041.1110_none_60b5254171f9507e;C:\Program Files\Java\jdk-16.0.1\bin\server

VM Arguments:
jvm_args: -Dfile.encoding=Cp1252 -XX:+ShowCodeDetailsInExceptionMessages 
java_command: jogodaforca.index
java_class_path (initial): C:\Users\2001h\eclipse-workspace\jogodaforca\bin
Launcher Type: SUN_STANDARD

[Global flags]
     intx CICompilerCount                          = 2                                         {product} {ergonomic}
     uint ConcGCThreads                            = 1                                         {product} {ergonomic}
     uint G1ConcRefinementThreads                  = 2                                         {product} {ergonomic}
   size_t G1HeapRegionSize                         = 1048576                                   {product} {ergonomic}
    uintx GCDrainStackTargetSize                   = 64                                        {product} {ergonomic}
   size_t InitialHeapSize                          = 67108864                                  {product} {ergonomic}
   size_t MarkStackSize                            = 4194304                                   {product} {ergonomic}
   size_t MaxHeapSize                              = 1048576000                                {product} {ergonomic}
   size_t MaxNewSize                               = 629145600                                 {product} {ergonomic}
   size_t MinHeapDeltaBytes                        = 1048576                                   {product} {ergonomic}
   size_t MinHeapSize                              = 8388608                                   {product} {ergonomic}
    uintx NonNMethodCodeHeapSize                   = 5826188                                {pd product} {ergonomic}
    uintx NonProfiledCodeHeapSize                  = 122916026                              {pd product} {ergonomic}
    uintx ProfiledCodeHeapSize                     = 122916026                              {pd product} {ergonomic}
    uintx ReservedCodeCacheSize                    = 251658240                              {pd product} {ergonomic}
     bool SegmentedCodeCache                       = true                                      {product} {ergonomic}
     bool ShowCodeDetailsInExceptionMessages       = true                                   {manageable} {command line}
   size_t SoftMaxHeapSize                          = 1048576000                             {manageable} {ergonomic}
     bool UseCompressedClassPointers               = true                           {product lp64_product} {ergonomic}
     bool UseCompressedOops                        = true                           {product lp64_product} {ergonomic}
     bool UseG1GC                                  = true                                      {product} {ergonomic}
     bool UseLargePagesIndividualAllocation        = false                                  {pd product} {ergonomic}

Logging:
Log output configuration:
 #0: stdout all=warning uptime,level,tags
 #1: stderr all=off uptime,level,tags

Environment Variables:
JAVA_HOME=C:\Program Files\Java\jdk-11.0.12
PATH=C:/Program Files/Java/jdk-11.0.12/bin/server;C:/Program Files/Java/jdk-11.0.12/bin;C:\Program Files\Java\jdk-11.0.12\bin;C:\Program Files\Common Files\Oracle\Java\javapath;C:\Program Files (x86)\Common Files\Oracle\Java\javapath;C:\WINDOWS\system32;C:\WINDOWS;C:\WINDOWS\System32\Wbem;C:\WINDOWS\System32\WindowsPowerShell\v1.0\;C:\WINDOWS\System32\OpenSSH\;C:\Program Files\nodejs\;C:\Program Files\Microsoft SQL Server\130\Tools\Binn\;C:\Program Files\Microsoft SQL Server\Client SDK\ODBC\170\Tools\Binn\;C:\Program Files (x86)\Microsoft SQL Server\150\Tools\Binn\;C:\Program Files\Microsoft SQL Server\150\Tools\Binn\;C:\Program Files\Microsoft SQL Server\150\DTS\Binn\;C:\Program Files (x86)\Microsoft SQL Server\150\DTS\Binn\;C:\Program Files\Azure Data Studio\bin;C:\Program Files (x86)\Yarn\bin\;C:\Program Files\Git\cmd;C:\Program Files\MySQL\MySQL Shell 8.0\bin\;C:\Program Files\Java\jdk-11.0.12\bin;C:\Users\2001h\AppData\Local\Programs\Python\Python39\Scripts\;C:\Users\2001h\AppData\Local\Programs\Python\Python39\;C:\Users\2001h\AppData\Local\Programs\Python\Launcher\;C:\Program Files\MySQL\MySQL Server 8.0\bin;C:\Users\2001h\AppData\Local\Yarn\bin;C:\Program Files\heroku\client\bin;;C:\Users\2001h\OneDrive\Área de Trabalho;
USERNAME=2001h
OS=Windows_NT
PROCESSOR_IDENTIFIER=Intel64 Family 6 Model 61 Stepping 4, GenuineIntel



---------------  S Y S T E M  ---------------

OS:
 Windows 10 , 64 bit Build 19041 (10.0.19041.1151)
OS uptime: 6 days 15:19 hours

CPU: total 2 (initial active 2) (2 cores per cpu, 1 threads per core) family 6 model 61 stepping 4 microcode 0x2f, cx8, cmov, fxsr, mmx, 3dnowpref, sse, sse2, sse3, ssse3, sse4.1, sse4.2, popcnt, lzcnt, tsc, tscinvbit, erms, clmul, clflush

Memory: 4k page, system-wide physical 3994M (1349M free)
TotalPageFile size 8018M (AvailPageFile size 4M)
current process WorkingSet (physical memory assigned to process): 29M, peak: 29M
current process commit charge ("private bytes"): 125M, peak: 125M

vm_info: Java HotSpot(TM) 64-Bit Server VM (16.0.1+9-24) for windows-amd64 JRE (16.0.1+9-24), built on Mar 26 2021 19:31:42 by "mach5one" with MS VC++ 16.7 (VS2019)

END.
