#
# There is insufficient memory for the Java Runtime Environment to continue.
# Native memory allocation (mmap) failed to map 65536 bytes for Failed to commit metaspace.
# Possible reasons:
#   The system is out of physical RAM or swap space
#   The process is running with CompressedOops enabled, and the Java Heap may be blocking the growth of the native heap
# Possible solutions:
#   Reduce memory load on the system
#   Increase physical memory or swap space
#   Check if swap backing store is full
#   Decrease Java heap size (-Xmx/-Xms)
#   Decrease number of Java threads
#   Decrease Java thread stack sizes (-Xss)
#   Set larger code cache with -XX:ReservedCodeCacheSize=
#   JVM is running with Unscaled Compressed Oops mode in which the Java heap is
#     placed in the first 4GB address space. The Java Heap base address is the
#     maximum limit for the native heap growth. Please use -XX:HeapBaseMinAddress
#     to set the Java Heap base and to place the Java Heap above 4GB virtual address.
# This output file may be truncated or incomplete.
#
#  Out of Memory Error (virtualSpaceNode.cpp:108), pid=2644, tid=10348
#
# JRE version: Java(TM) SE Runtime Environment (16.0.1+9) (build 16.0.1+9-24)
# Java VM: Java HotSpot(TM) 64-Bit Server VM (16.0.1+9-24, mixed mode, tiered, compressed oops, compressed class ptrs, g1 gc, windows-amd64)
# No core dump will be written. Minidumps are not enabled by default on client versions of Windows
#

---------------  S U M M A R Y ------------

Command Line: -Dfile.encoding=Cp1252 -XX:+ShowCodeDetailsInExceptionMessages jogodaforca.index

Host: Intel(R) Celeron(R) CPU 3215U @ 1.70GHz, 2 cores, 3G,  Windows 10 , 64 bit Build 19041 (10.0.19041.1151)
Time: Thu Aug 19 18:12:00 2021 Hora Padrão de Buenos Aires elapsed time: 1.283137 seconds (0d 0h 0m 1s)

---------------  T H R E A D  ---------------

Current thread (0x00000138f481a4f0):  JavaThread "main" [_thread_in_vm, id=10348, stack(0x00000023acd00000,0x00000023ace00000)]

Stack: [0x00000023acd00000,0x00000023ace00000]
Native frames: (J=compiled Java code, j=interpreted, Vv=VM code, C=native code)
V  [jvm.dll+0x6687ca]
V  [jvm.dll+0x7ca3c9]
V  [jvm.dll+0x7cbb53]
V  [jvm.dll+0x7cc1b3]
V  [jvm.dll+0x242ea5]
V  [jvm.dll+0x7c6a4b]
V  [jvm.dll+0x60e436]
V  [jvm.dll+0x60e49a]
V  [jvm.dll+0x610aca]
V  [jvm.dll+0x60ed31]
V  [jvm.dll+0x6200a2]
V  [jvm.dll+0x619666]
V  [jvm.dll+0x37642a]
C  0x000001388000ca61

Java frames: (J=compiled Java code, j=interpreted, Vv=VM code)
j  java.util.concurrent.CopyOnWriteArrayList.iterator()Ljava/util/Iterator;+0 java.base@16.0.1
j  java.util.ServiceLoader$ModuleServicesLookupIterator.iteratorFor(Ljava/lang/ClassLoader;)Ljava/util/Iterator;+55 java.base@16.0.1
j  java.util.ServiceLoader$ModuleServicesLookupIterator.<init>(Ljava/util/ServiceLoader;)V+23 java.base@16.0.1
j  java.util.ServiceLoader.newLookupIterator()Ljava/util/Iterator;+49 java.base@16.0.1
j  java.util.ServiceLoader.iterator()Ljava/util/Iterator;+9 java.base@16.0.1
j  sun.util.cldr.CLDRLocaleProviderAdapter$1.run()Lsun/util/locale/provider/LocaleDataMetaInfo;+5 java.base@16.0.1
j  sun.util.cldr.CLDRLocaleProviderAdapter$1.run()Ljava/lang/Object;+1 java.base@16.0.1
j  java.security.AccessController.executePrivileged(Ljava/security/PrivilegedExceptionAction;Ljava/security/AccessControlContext;Ljava/lang/Class;)Ljava/lang/Object;+29 java.base@16.0.1
j  java.security.AccessController.doPrivileged(Ljava/security/PrivilegedExceptionAction;)Ljava/lang/Object;+9 java.base@16.0.1
j  sun.util.cldr.CLDRLocaleProviderAdapter.<init>()V+14 java.base@16.0.1
v  ~StubRoutines::call_stub
j  jdk.internal.reflect.NativeConstructorAccessorImpl.newInstance0(Ljava/lang/reflect/Constructor;[Ljava/lang/Object;)Ljava/lang/Object;+0 java.base@16.0.1
j  jdk.internal.reflect.NativeConstructorAccessorImpl.newInstance([Ljava/lang/Object;)Ljava/lang/Object;+131 java.base@16.0.1
j  jdk.internal.reflect.DelegatingConstructorAccessorImpl.newInstance([Ljava/lang/Object;)Ljava/lang/Object;+5 java.base@16.0.1
j  java.lang.reflect.Constructor.newInstanceWithCaller([Ljava/lang/Object;ZLjava/lang/Class;)Ljava/lang/Object;+65 java.base@16.0.1
j  java.lang.reflect.Constructor.newInstance([Ljava/lang/Object;)Ljava/lang/Object;+30 java.base@16.0.1
j  sun.util.locale.provider.LocaleProviderAdapter.forType(Lsun/util/locale/provider/LocaleProviderAdapter$Type;)Lsun/util/locale/provider/LocaleProviderAdapter;+79 java.base@16.0.1
j  sun.util.locale.provider.LocaleProviderAdapter.findAdapter(Ljava/lang/Class;Ljava/util/Locale;)Lsun/util/locale/provider/LocaleProviderAdapter;+29 java.base@16.0.1
j  sun.util.locale.provider.LocaleProviderAdapter.getAdapter(Ljava/lang/Class;Ljava/util/Locale;)Lsun/util/locale/provider/LocaleProviderAdapter;+55 java.base@16.0.1
j  java.text.NumberFormat.getInstance(Ljava/util/Locale;Ljava/text/NumberFormat$Style;I)Ljava/text/NumberFormat;+3 java.base@16.0.1
j  java.text.NumberFormat.getNumberInstance(Ljava/util/Locale;)Ljava/text/NumberFormat;+3 java.base@16.0.1
j  java.util.Scanner.useLocale(Ljava/util/Locale;)Ljava/util/Scanner;+31 java.base@16.0.1
j  java.util.Scanner.<init>(Ljava/lang/Readable;Ljava/util/regex/Pattern;)V+243 java.base@16.0.1
j  java.util.Scanner.<init>(Ljava/io/InputStream;)V+12 java.base@16.0.1
j  jogodaforca.index.main([Ljava/lang/String;)V+7
v  ~StubRoutines::call_stub

---------------  P R O C E S S  ---------------

Threads class SMR info:
_java_thread_list=0x0000013891ce1200, length=12, elements={
0x00000138f481a4f0, 0x0000013891159250, 0x000001389115cb40, 0x000001389118ed10,
0x0000013891191820, 0x0000013891192220, 0x0000013891192c20, 0x0000013891193a00,
0x0000013891c02fe0, 0x0000013891c05cf0, 0x0000013891d01e40, 0x0000013891d241b0
}

Java Threads: ( => current thread )
=>0x00000138f481a4f0 JavaThread "main" [_thread_in_vm, id=10348, stack(0x00000023acd00000,0x00000023ace00000)]
  0x0000013891159250 JavaThread "Reference Handler" daemon [_thread_blocked, id=13256, stack(0x00000023ad400000,0x00000023ad500000)]
  0x000001389115cb40 JavaThread "Finalizer" daemon [_thread_blocked, id=8024, stack(0x00000023ad500000,0x00000023ad600000)]
  0x000001389118ed10 JavaThread "Signal Dispatcher" daemon [_thread_blocked, id=9376, stack(0x00000023ad600000,0x00000023ad700000)]
  0x0000013891191820 JavaThread "Attach Listener" daemon [_thread_blocked, id=9636, stack(0x00000023ad700000,0x00000023ad800000)]
  0x0000013891192220 JavaThread "Service Thread" daemon [_thread_blocked, id=9368, stack(0x00000023ad800000,0x00000023ad900000)]
  0x0000013891192c20 JavaThread "Monitor Deflation Thread" daemon [_thread_blocked, id=2812, stack(0x00000023ad900000,0x00000023ada00000)]
  0x0000013891193a00 JavaThread "C2 CompilerThread0" daemon [_thread_in_native, id=2832, stack(0x00000023ada00000,0x00000023adb00000)]
  0x0000013891c02fe0 JavaThread "C1 CompilerThread0" daemon [_thread_blocked, id=6032, stack(0x00000023adb00000,0x00000023adc00000)]
  0x0000013891c05cf0 JavaThread "Sweeper thread" daemon [_thread_blocked, id=5936, stack(0x00000023adc00000,0x00000023add00000)]
  0x0000013891d01e40 JavaThread "Notification Thread" daemon [_thread_blocked, id=11612, stack(0x00000023add00000,0x00000023ade00000)]
  0x0000013891d241b0 JavaThread "Common-Cleaner" daemon [_thread_blocked, id=9268, stack(0x00000023adf00000,0x00000023ae000000)]

Other Threads:
  0x0000013891144640 VMThread "VM Thread" [stack: 0x00000023ad300000,0x00000023ad400000] [id=6372]
  0x0000013891d10380 WatcherThread [stack: 0x00000023ade00000,0x00000023adf00000] [id=2936]
  0x00000138f48488c0 GCTaskThread "GC Thread#0" [stack: 0x00000023ace00000,0x00000023acf00000] [id=9660]
  0x00000138f4851600 ConcurrentGCThread "G1 Main Marker" [stack: 0x00000023acf00000,0x00000023ad000000] [id=13576]
  0x00000138f4852070 ConcurrentGCThread "G1 Conc#0" [stack: 0x00000023ad000000,0x00000023ad100000] [id=10288]
  0x00000138f4896f10 ConcurrentGCThread "G1 Refine#0" [stack: 0x00000023ad100000,0x00000023ad200000] [id=3856]
  0x00000138f4897990 ConcurrentGCThread "G1 Service" [stack: 0x00000023ad200000,0x00000023ad300000] [id=7416]

Threads with active compile tasks:
C2 CompilerThread0     1464  111       4       java.lang.String::hashCode (60 bytes)

VM state: not at safepoint (normal execution)

VM Mutex/Monitor currently owned by a thread:  ([mutex/lock_event])
[0x00000138f4815f20] MetaspaceExpand_lock - owner thread: 0x00000138f481a4f0

Heap address: 0x00000000c1800000, size: 1000 MB, Compressed Oops mode: 32-bit

CDS disabled.
Compressed class space mapped at: 0x0000000100000000-0x0000000140000000, reserved size: 1073741824
Narrow klass base: 0x0000000000000000, Narrow klass shift: 3, Narrow klass range: 0x140000000

GC Precious Log:
 CPUs: 2 total, 2 available
 Memory: 3994M
 Large Page Support: Disabled
 NUMA Support: Disabled
 Compressed Oops: Enabled (32-bit)
 Heap Region Size: 1M
 Heap Min Capacity: 8M
 Heap Initial Capacity: 64M
 Heap Max Capacity: 1000M
 Pre-touch: Disabled
 Parallel Workers: 2
 Concurrent Workers: 1
 Concurrent Refinement Workers: 2
 Periodic GC: Disabled

Heap:
 garbage-first heap   total 65536K, used 0K [0x00000000c1800000, 0x0000000100000000)
  region size 1024K, 1 young (1024K), 0 survivors (0K)
 Metaspace       used 5285K, committed 5440K, reserved 1056768K
  class space    used 418K, committed 512K, reserved 1048576K

Heap Regions: E=young(eden), S=young(survivor), O=old, HS=humongous(starts), HC=humongous(continues), CS=collection set, F=free, OA=open archive, CA=closed archive, TAMS=top-at-mark-start (previous, next)
|   0|0x00000000c1800000, 0x00000000c1800000, 0x00000000c1900000|  0%| F|  |TAMS 0x00000000c1800000, 0x00000000c1800000| Untracked 
|   1|0x00000000c1900000, 0x00000000c1900000, 0x00000000c1a00000|  0%| F|  |TAMS 0x00000000c1900000, 0x00000000c1900000| Untracked 
|   2|0x00000000c1a00000, 0x00000000c1a00000, 0x00000000c1b00000|  0%| F|  |TAMS 0x00000000c1a00000, 0x00000000c1a00000| Untracked 
|   3|0x00000000c1b00000, 0x00000000c1b00000, 0x00000000c1c00000|  0%| F|  |TAMS 0x00000000c1b00000, 0x00000000c1b00000| Untracked 
|   4|0x00000000c1c00000, 0x00000000c1c00000, 0x00000000c1d00000|  0%| F|  |TAMS 0x00000000c1c00000, 0x00000000c1c00000| Untracked 
|   5|0x00000000c1d00000, 0x00000000c1d00000, 0x00000000c1e00000|  0%| F|  |TAMS 0x00000000c1d00000, 0x00000000c1d00000| Untracked 
|   6|0x00000000c1e00000, 0x00000000c1e00000, 0x00000000c1f00000|  0%| F|  |TAMS 0x00000000c1e00000, 0x00000000c1e00000| Untracked 
|   7|0x00000000c1f00000, 0x00000000c1f00000, 0x00000000c2000000|  0%| F|  |TAMS 0x00000000c1f00000, 0x00000000c1f00000| Untracked 
|   8|0x00000000c2000000, 0x00000000c2000000, 0x00000000c2100000|  0%| F|  |TAMS 0x00000000c2000000, 0x00000000c2000000| Untracked 
|   9|0x00000000c2100000, 0x00000000c2100000, 0x00000000c2200000|  0%| F|  |TAMS 0x00000000c2100000, 0x00000000c2100000| Untracked 
|  10|0x00000000c2200000, 0x00000000c2200000, 0x00000000c2300000|  0%| F|  |TAMS 0x00000000c2200000, 0x00000000c2200000| Untracked 
|  11|0x00000000c2300000, 0x00000000c2300000, 0x00000000c2400000|  0%| F|  |TAMS 0x00000000c2300000, 0x00000000c2300000| Untracked 
|  12|0x00000000c2400000, 0x00000000c2400000, 0x00000000c2500000|  0%| F|  |TAMS 0x00000000c2400000, 0x00000000c2400000| Untracked 
|  13|0x00000000c2500000, 0x00000000c2500000, 0x00000000c2600000|  0%| F|  |TAMS 0x00000000c2500000, 0x00000000c2500000| Untracked 
|  14|0x00000000c2600000, 0x00000000c2600000, 0x00000000c2700000|  0%| F|  |TAMS 0x00000000c2600000, 0x00000000c2600000| Untracked 
|  15|0x00000000c2700000, 0x00000000c2700000, 0x00000000c2800000|  0%| F|  |TAMS 0x00000000c2700000, 0x00000000c2700000| Untracked 
|  16|0x00000000c2800000, 0x00000000c2800000, 0x00000000c2900000|  0%| F|  |TAMS 0x00000000c2800000, 0x00000000c2800000| Untracked 
|  17|0x00000000c2900000, 0x00000000c2900000, 0x00000000c2a00000|  0%| F|  |TAMS 0x00000000c2900000, 0x00000000c2900000| Untracked 
|  18|0x00000000c2a00000, 0x00000000c2a00000, 0x00000000c2b00000|  0%| F|  |TAMS 0x00000000c2a00000, 0x00000000c2a00000| Untracked 
|  19|0x00000000c2b00000, 0x00000000c2b00000, 0x00000000c2c00000|  0%| F|  |TAMS 0x00000000c2b00000, 0x00000000c2b00000| Untracked 
|  20|0x00000000c2c00000, 0x00000000c2c00000, 0x00000000c2d00000|  0%| F|  |TAMS 0x00000000c2c00000, 0x00000000c2c00000| Untracked 
|  21|0x00000000c2d00000, 0x00000000c2d00000, 0x00000000c2e00000|  0%| F|  |TAMS 0x00000000c2d00000, 0x00000000c2d00000| Untracked 
|  22|0x00000000c2e00000, 0x00000000c2e00000, 0x00000000c2f00000|  0%| F|  |TAMS 0x00000000c2e00000, 0x00000000c2e00000| Untracked 
|  23|0x00000000c2f00000, 0x00000000c2f00000, 0x00000000c3000000|  0%| F|  |TAMS 0x00000000c2f00000, 0x00000000c2f00000| Untracked 
|  24|0x00000000c3000000, 0x00000000c3000000, 0x00000000c3100000|  0%| F|  |TAMS 0x00000000c3000000, 0x00000000c3000000| Untracked 
|  25|0x00000000c3100000, 0x00000000c3100000, 0x00000000c3200000|  0%| F|  |TAMS 0x00000000c3100000, 0x00000000c3100000| Untracked 
|  26|0x00000000c3200000, 0x00000000c3200000, 0x00000000c3300000|  0%| F|  |TAMS 0x00000000c3200000, 0x00000000c3200000| Untracked 
|  27|0x00000000c3300000, 0x00000000c3300000, 0x00000000c3400000|  0%| F|  |TAMS 0x00000000c3300000, 0x00000000c3300000| Untracked 
|  28|0x00000000c3400000, 0x00000000c3400000, 0x00000000c3500000|  0%| F|  |TAMS 0x00000000c3400000, 0x00000000c3400000| Untracked 
|  29|0x00000000c3500000, 0x00000000c3500000, 0x00000000c3600000|  0%| F|  |TAMS 0x00000000c3500000, 0x00000000c3500000| Untracked 
|  30|0x00000000c3600000, 0x00000000c3600000, 0x00000000c3700000|  0%| F|  |TAMS 0x00000000c3600000, 0x00000000c3600000| Untracked 
|  31|0x00000000c3700000, 0x00000000c3700000, 0x00000000c3800000|  0%| F|  |TAMS 0x00000000c3700000, 0x00000000c3700000| Untracked 
|  32|0x00000000c3800000, 0x00000000c3800000, 0x00000000c3900000|  0%| F|  |TAMS 0x00000000c3800000, 0x00000000c3800000| Untracked 
|  33|0x00000000c3900000, 0x00000000c3900000, 0x00000000c3a00000|  0%| F|  |TAMS 0x00000000c3900000, 0x00000000c3900000| Untracked 
|  34|0x00000000c3a00000, 0x00000000c3a00000, 0x00000000c3b00000|  0%| F|  |TAMS 0x00000000c3a00000, 0x00000000c3a00000| Untracked 
|  35|0x00000000c3b00000, 0x00000000c3b00000, 0x00000000c3c00000|  0%| F|  |TAMS 0x00000000c3b00000, 0x00000000c3b00000| Untracked 
|  36|0x00000000c3c00000, 0x00000000c3c00000, 0x00000000c3d00000|  0%| F|  |TAMS 0x00000000c3c00000, 0x00000000c3c00000| Untracked 
|  37|0x00000000c3d00000, 0x00000000c3d00000, 0x00000000c3e00000|  0%| F|  |TAMS 0x00000000c3d00000, 0x00000000c3d00000| Untracked 
|  38|0x00000000c3e00000, 0x00000000c3e00000, 0x00000000c3f00000|  0%| F|  |TAMS 0x00000000c3e00000, 0x00000000c3e00000| Untracked 
|  39|0x00000000c3f00000, 0x00000000c3f00000, 0x00000000c4000000|  0%| F|  |TAMS 0x00000000c3f00000, 0x00000000c3f00000| Untracked 
|  40|0x00000000c4000000, 0x00000000c4000000, 0x00000000c4100000|  0%| F|  |TAMS 0x00000000c4000000, 0x00000000c4000000| Untracked 
|  41|0x00000000c4100000, 0x00000000c4100000, 0x00000000c4200000|  0%| F|  |TAMS 0x00000000c4100000, 0x00000000c4100000| Untracked 
|  42|0x00000000c4200000, 0x00000000c4200000, 0x00000000c4300000|  0%| F|  |TAMS 0x00000000c4200000, 0x00000000c4200000| Untracked 
|  43|0x00000000c4300000, 0x00000000c4300000, 0x00000000c4400000|  0%| F|  |TAMS 0x00000000c4300000, 0x00000000c4300000| Untracked 
|  44|0x00000000c4400000, 0x00000000c4400000, 0x00000000c4500000|  0%| F|  |TAMS 0x00000000c4400000, 0x00000000c4400000| Untracked 
|  45|0x00000000c4500000, 0x00000000c4500000, 0x00000000c4600000|  0%| F|  |TAMS 0x00000000c4500000, 0x00000000c4500000| Untracked 
|  46|0x00000000c4600000, 0x00000000c4600000, 0x00000000c4700000|  0%| F|  |TAMS 0x00000000c4600000, 0x00000000c4600000| Untracked 
|  47|0x00000000c4700000, 0x00000000c4700000, 0x00000000c4800000|  0%| F|  |TAMS 0x00000000c4700000, 0x00000000c4700000| Untracked 
|  48|0x00000000c4800000, 0x00000000c4800000, 0x00000000c4900000|  0%| F|  |TAMS 0x00000000c4800000, 0x00000000c4800000| Untracked 
|  49|0x00000000c4900000, 0x00000000c4900000, 0x00000000c4a00000|  0%| F|  |TAMS 0x00000000c4900000, 0x00000000c4900000| Untracked 
|  50|0x00000000c4a00000, 0x00000000c4a00000, 0x00000000c4b00000|  0%| F|  |TAMS 0x00000000c4a00000, 0x00000000c4a00000| Untracked 
|  51|0x00000000c4b00000, 0x00000000c4b00000, 0x00000000c4c00000|  0%| F|  |TAMS 0x00000000c4b00000, 0x00000000c4b00000| Untracked 
|  52|0x00000000c4c00000, 0x00000000c4c00000, 0x00000000c4d00000|  0%| F|  |TAMS 0x00000000c4c00000, 0x00000000c4c00000| Untracked 
|  53|0x00000000c4d00000, 0x00000000c4d00000, 0x00000000c4e00000|  0%| F|  |TAMS 0x00000000c4d00000, 0x00000000c4d00000| Untracked 
|  54|0x00000000c4e00000, 0x00000000c4e00000, 0x00000000c4f00000|  0%| F|  |TAMS 0x00000000c4e00000, 0x00000000c4e00000| Untracked 
|  55|0x00000000c4f00000, 0x00000000c4f00000, 0x00000000c5000000|  0%| F|  |TAMS 0x00000000c4f00000, 0x00000000c4f00000| Untracked 
|  56|0x00000000c5000000, 0x00000000c5000000, 0x00000000c5100000|  0%| F|  |TAMS 0x00000000c5000000, 0x00000000c5000000| Untracked 
|  57|0x00000000c5100000, 0x00000000c5100000, 0x00000000c5200000|  0%| F|  |TAMS 0x00000000c5100000, 0x00000000c5100000| Untracked 
|  58|0x00000000c5200000, 0x00000000c5200000, 0x00000000c5300000|  0%| F|  |TAMS 0x00000000c5200000, 0x00000000c5200000| Untracked 
|  59|0x00000000c5300000, 0x00000000c5300000, 0x00000000c5400000|  0%| F|  |TAMS 0x00000000c5300000, 0x00000000c5300000| Untracked 
|  60|0x00000000c5400000, 0x00000000c5400000, 0x00000000c5500000|  0%| F|  |TAMS 0x00000000c5400000, 0x00000000c5400000| Untracked 
|  61|0x00000000c5500000, 0x00000000c5500000, 0x00000000c5600000|  0%| F|  |TAMS 0x00000000c5500000, 0x00000000c5500000| Untracked 
|  62|0x00000000c5600000, 0x00000000c5600000, 0x00000000c5700000|  0%| F|  |TAMS 0x00000000c5600000, 0x00000000c5600000| Untracked 
|  63|0x00000000c5700000, 0x00000000c57f5d48, 0x00000000c5800000| 96%| E|  |TAMS 0x00000000c5700000, 0x00000000c5700000| Complete 

Card table byte_map: [0x00000138f4600000,0x00000138f4800000] _byte_map_base: 0x00000138f3ff4000

Marking Bits (Prev, Next): (CMBitMap*) 0x00000138f4848f30, (CMBitMap*) 0x00000138f4848f70
 Prev Bits: [0x00000138fc1a0000, 0x00000138fd140000)
 Next Bits: [0x00000138fd140000, 0x00000138fe0e0000)

Polling page: 0x00000138f2780000

Metaspace:

Usage:
  Non-class:      4.75 MB used.
      Class:    418.06 KB used.
       Both:      5.16 MB used.

Virtual space:
  Non-class space:        8.00 MB reserved,       4.81 MB ( 60%) committed,  1 nodes.
      Class space:        1.00 GB reserved,     512.00 KB ( <1%) committed,  1 nodes.
              Both:        1.01 GB reserved,       5.31 MB ( <1%) committed. 

Chunk freelists:
   Non-Class:  2.99 MB
       Class:  3.56 MB
        Both:  6.55 MB

MaxMetaspaceSize: 17179869184.00 GB
CompressedClassSpaceSize: 1.00 GB
 - commit_granule_bytes: 65536.
 - commit_granule_words: 8192.
 - virtual_space_node_default_size: 1048576.
 - enlarge_chunks_in_place: 1.
 - new_chunks_are_fully_committed: 0.
 - uncommit_free_chunks: 1.
 - use_allocation_guard: 0.
 - handle_deallocations: 1.


Internal statistics:

num_allocs_failed_limit: 0.
num_arena_births: 6.
num_arena_deaths: 0.
num_vsnodes_births: 2.
num_vsnodes_deaths: 0.
num_space_committed: 85.
num_space_uncommitted: 0.
num_chunks_returned_to_freelist: 0.
num_chunks_taken_from_freelist: 10.
num_chunk_merges: 0.
num_chunk_splits: 3.
num_chunks_enlarged: 1.
num_purges: 0.

CodeHeap 'non-profiled nmethods': size=120064Kb used=35Kb max_used=35Kb free=120028Kb
 bounds [0x0000013887ac0000, 0x0000013887d30000, 0x000001388f000000]
CodeHeap 'profiled nmethods': size=120000Kb used=118Kb max_used=118Kb free=119882Kb
 bounds [0x0000013880590000, 0x0000013880800000, 0x0000013887ac0000]
CodeHeap 'non-nmethods': size=5696Kb used=1071Kb max_used=1071Kb free=4624Kb
 bounds [0x0000013880000000, 0x0000013880270000, 0x0000013880590000]
 total_blobs=445 nmethods=111 adapters=248
 compilation: enabled
              stopped_count=0, restarted_count=0
 full_count=0

Compilation events (20 events):
Event: 1.142 Thread 0x0000013891c02fe0 nmethod 95 0x00000138805a9990 code [0x00000138805a9b40, 0x00000138805a9cf8]
Event: 1.143 Thread 0x0000013891c02fe0   96       3       java.lang.invoke.MethodType$ConcurrentWeakInternSet::expungeStaleElements (27 bytes)
Event: 1.144 Thread 0x0000013891c02fe0 nmethod 96 0x00000138805a9d90 code [0x00000138805a9f80, 0x00000138805aa478]
Event: 1.145 Thread 0x0000013891c02fe0   98       1       java.lang.invoke.MethodType::ptypes (5 bytes)
Event: 1.145 Thread 0x0000013891c02fe0 nmethod 98 0x0000013887ac7510 code [0x0000013887ac76a0, 0x0000013887ac7778]
Event: 1.149 Thread 0x0000013891c02fe0  102       3       java.lang.StringBuilder::append (8 bytes)
Event: 1.150 Thread 0x0000013891c02fe0 nmethod 102 0x00000138805aa690 code [0x00000138805aa840, 0x00000138805aa988]
Event: 1.150 Thread 0x0000013891c02fe0  103       3       java.lang.AbstractStringBuilder::putStringAt (12 bytes)
Event: 1.150 Thread 0x0000013891c02fe0 nmethod 103 0x00000138805aaa10 code [0x00000138805aabc0, 0x00000138805aae08]
Event: 1.150 Thread 0x0000013891c02fe0  104       3       java.lang.AbstractStringBuilder::getCoder (15 bytes)
Event: 1.151 Thread 0x0000013891c02fe0 nmethod 104 0x00000138805aaf90 code [0x00000138805ab120, 0x00000138805ab258]
Event: 1.151 Thread 0x0000013891c02fe0  105       3       java.lang.String::getBytes (46 bytes)
Event: 1.151 Thread 0x0000013891c02fe0 nmethod 105 0x00000138805ab310 code [0x00000138805ab4e0, 0x00000138805ab7f8]
Event: 1.259 Thread 0x0000013891c02fe0  109       3       sun.util.locale.LocaleUtils::isUpper (18 bytes)
Event: 1.260 Thread 0x0000013891c02fe0 nmethod 109 0x00000138805ab910 code [0x00000138805abaa0, 0x00000138805abc18]
Event: 1.260 Thread 0x0000013891c02fe0  110       1       sun.util.locale.BaseLocale::getLanguage (5 bytes)
Event: 1.260 Thread 0x0000013891c02fe0 nmethod 110 0x0000013887ac8a10 code [0x0000013887ac8ba0, 0x0000013887ac8c78]
Event: 1.260 Thread 0x0000013891193a00  111       4       java.lang.String::hashCode (60 bytes)
Event: 1.261 Thread 0x0000013891c02fe0  112       3       java.util.HashMap::resize (356 bytes)
Event: 1.262 Thread 0x0000013891c02fe0 nmethod 112 0x00000138805abc90 code [0x00000138805abf40, 0x00000138805ad388]

GC Heap History (0 events):
No events

Deoptimization events (0 events):
No events

Classes unloaded (0 events):
No events

Classes redefined (0 events):
No events

Internal exceptions (0 events):
No events

Events (20 events):
Event: 1.257 loading class sun/util/cldr/CLDRBaseLocaleDataMetaInfo
Event: 1.257 loading class sun/util/locale/provider/LocaleDataMetaInfo
Event: 1.257 loading class sun/util/locale/provider/LocaleDataMetaInfo done
Event: 1.258 loading class sun/util/cldr/CLDRBaseLocaleDataMetaInfo done
Event: 1.258 loading class sun/util/locale/LanguageTag
Event: 1.258 loading class sun/util/locale/LanguageTag done
Event: 1.258 loading class sun/util/locale/ParseStatus
Event: 1.259 loading class sun/util/locale/ParseStatus done
Event: 1.259 loading class sun/util/locale/StringTokenIterator
Event: 1.259 loading class sun/util/locale/StringTokenIterator done
Event: 1.259 loading class sun/util/locale/InternalLocaleBuilder
Event: 1.259 loading class sun/util/locale/InternalLocaleBuilder done
Event: 1.259 loading class sun/util/locale/InternalLocaleBuilder$CaseInsensitiveChar
Event: 1.259 loading class sun/util/locale/InternalLocaleBuilder$CaseInsensitiveChar done
Event: 1.261 loading class sun/util/cldr/CLDRLocaleProviderAdapter$1
Event: 1.261 loading class sun/util/cldr/CLDRLocaleProviderAdapter$1 done
Event: 1.261 loading class java/util/ServiceLoader
Event: 1.279 loading class java/util/ServiceLoader done
Event: 1.279 loading class java/util/ServiceLoader$ModuleServicesLookupIterator
Event: 1.280 loading class java/util/ServiceLoader$ModuleServicesLookupIterator done


Dynamic libraries:
0x00007ff711a70000 - 0x00007ff711a80000 	C:\Program Files\Java\jdk-16.0.1\bin\javaw.exe
0x00007ffd6f7d0000 - 0x00007ffd6f9c5000 	C:\WINDOWS\SYSTEM32\ntdll.dll
0x00007ffd6d840000 - 0x00007ffd6d8fd000 	C:\WINDOWS\System32\KERNEL32.DLL
0x00007ffd6cf00000 - 0x00007ffd6d1c9000 	C:\WINDOWS\System32\KERNELBASE.dll
0x00007ffd6d690000 - 0x00007ffd6d790000 	C:\WINDOWS\System32\ucrtbase.dll
0x00007ffd67e40000 - 0x00007ffd67e58000 	C:\Program Files\Java\jdk-16.0.1\bin\jli.dll
0x00007ffd6da60000 - 0x00007ffd6db0c000 	C:\WINDOWS\System32\ADVAPI32.dll
0x00007ffd6e240000 - 0x00007ffd6e2de000 	C:\WINDOWS\System32\msvcrt.dll
0x00007ffd6d900000 - 0x00007ffd6d99b000 	C:\WINDOWS\System32\sechost.dll
0x00007ffd6df00000 - 0x00007ffd6e02a000 	C:\WINDOWS\System32\RPCRT4.dll
0x00007ffd6e680000 - 0x00007ffd6e820000 	C:\WINDOWS\System32\USER32.dll
0x00007ffd6d450000 - 0x00007ffd6d472000 	C:\WINDOWS\System32\win32u.dll
0x00007ffd6da30000 - 0x00007ffd6da5a000 	C:\WINDOWS\System32\GDI32.dll
0x00007ffd6d480000 - 0x00007ffd6d58b000 	C:\WINDOWS\System32\gdi32full.dll
0x00007ffd6d790000 - 0x00007ffd6d82d000 	C:\WINDOWS\System32\msvcp_win.dll
0x00007ffd5e9d0000 - 0x00007ffd5ec6a000 	C:\WINDOWS\WinSxS\amd64_microsoft.windows.common-controls_6595b64144ccf1df_6.0.19041.1110_none_60b5254171f9507e\COMCTL32.dll
0x00007ffd625d0000 - 0x00007ffd625da000 	C:\WINDOWS\SYSTEM32\VERSION.dll
0x00007ffd67dd0000 - 0x00007ffd67de9000 	C:\Program Files\Java\jdk-16.0.1\bin\VCRUNTIME140.dll
0x00007ffd6e2e0000 - 0x00007ffd6e310000 	C:\WINDOWS\System32\IMM32.DLL
0x00007ffd688c0000 - 0x00007ffd688cc000 	C:\Program Files\Java\jdk-16.0.1\bin\vcruntime140_1.dll
0x00007ffd3d240000 - 0x00007ffd3d2d1000 	C:\Program Files\Java\jdk-16.0.1\bin\msvcp140.dll
0x00007ffd16980000 - 0x00007ffd1752b000 	C:\Program Files\Java\jdk-16.0.1\bin\server\jvm.dll
0x00007ffd6d830000 - 0x00007ffd6d838000 	C:\WINDOWS\System32\PSAPI.DLL
0x00007ffd67e60000 - 0x00007ffd67e69000 	C:\WINDOWS\SYSTEM32\WSOCK32.dll
0x00007ffd6e120000 - 0x00007ffd6e18b000 	C:\WINDOWS\System32\WS2_32.dll
0x00007ffd561b0000 - 0x00007ffd561d7000 	C:\WINDOWS\SYSTEM32\WINMM.dll
0x00007ffd6ae10000 - 0x00007ffd6ae22000 	C:\WINDOWS\SYSTEM32\kernel.appcore.dll
0x00007ffd67dc0000 - 0x00007ffd67dca000 	C:\Program Files\Java\jdk-16.0.1\bin\jimage.dll
0x00007ffd5d9a0000 - 0x00007ffd5db84000 	C:\WINDOWS\SYSTEM32\DBGHELP.DLL
0x00007ffd5caf0000 - 0x00007ffd5cb1c000 	C:\WINDOWS\SYSTEM32\dbgcore.DLL
0x00007ffd6d3c0000 - 0x00007ffd6d443000 	C:\WINDOWS\System32\bcryptPrimitives.dll
0x00007ffd60ff0000 - 0x00007ffd61015000 	C:\Program Files\Java\jdk-16.0.1\bin\java.dll
0x00007ffd6f050000 - 0x00007ffd6f78f000 	C:\WINDOWS\System32\SHELL32.dll
0x00007ffd6b010000 - 0x00007ffd6b7a0000 	C:\WINDOWS\SYSTEM32\windows.storage.dll
0x00007ffd6e310000 - 0x00007ffd6e665000 	C:\WINDOWS\System32\combase.dll
0x00007ffd6c960000 - 0x00007ffd6c98c000 	C:\WINDOWS\SYSTEM32\Wldp.dll
0x00007ffd6e190000 - 0x00007ffd6e23e000 	C:\WINDOWS\System32\SHCORE.dll
0x00007ffd6ddd0000 - 0x00007ffd6de25000 	C:\WINDOWS\System32\shlwapi.dll
0x00007ffd6ce40000 - 0x00007ffd6ce5f000 	C:\WINDOWS\SYSTEM32\profapi.dll

dbghelp: loaded successfully - version: 4.0.5 - missing functions: none
symbol engine: initialized successfully - sym options: 0x614 - pdb path: .;C:\Program Files\Java\jdk-16.0.1\bin;C:\WINDOWS\SYSTEM32;C:\WINDOWS\WinSxS\amd64_microsoft.windows.common-controls_6595b64144ccf1df_6.0.19041.1110_none_60b5254171f9507e;C:\Program Files\Java\jdk-16.0.1\bin\server

VM Arguments:
jvm_args: -Dfile.encoding=Cp1252 -XX:+ShowCodeDetailsInExceptionMessages 
java_command: jogodaforca.index
java_class_path (initial): C:\Users\2001h\eclipse-workspace\jogodaforca\bin
Launcher Type: SUN_STANDARD

[Global flags]
     intx CICompilerCount                          = 2                                         {product} {ergonomic}
     uint ConcGCThreads                            = 1                                         {product} {ergonomic}
     uint G1ConcRefinementThreads                  = 2                                         {product} {ergonomic}
   size_t G1HeapRegionSize                         = 1048576                                   {product} {ergonomic}
    uintx GCDrainStackTargetSize                   = 64                                        {product} {ergonomic}
   size_t InitialHeapSize                          = 67108864                                  {product} {ergonomic}
   size_t MarkStackSize                            = 4194304                                   {product} {ergonomic}
   size_t MaxHeapSize                              = 1048576000                                {product} {ergonomic}
   size_t MaxNewSize                               = 629145600                                 {product} {ergonomic}
   size_t MinHeapDeltaBytes                        = 1048576                                   {product} {ergonomic}
   size_t MinHeapSize                              = 8388608                                   {product} {ergonomic}
    uintx NonNMethodCodeHeapSize                   = 5826188                                {pd product} {ergonomic}
    uintx NonProfiledCodeHeapSize                  = 122916026                              {pd product} {ergonomic}
    uintx ProfiledCodeHeapSize                     = 122916026                              {pd product} {ergonomic}
    uintx ReservedCodeCacheSize                    = 251658240                              {pd product} {ergonomic}
     bool SegmentedCodeCache                       = true                                      {product} {ergonomic}
     bool ShowCodeDetailsInExceptionMessages       = true                                   {manageable} {command line}
   size_t SoftMaxHeapSize                          = 1048576000                             {manageable} {ergonomic}
     bool UseCompressedClassPointers               = true                           {product lp64_product} {ergonomic}
     bool UseCompressedOops                        = true                           {product lp64_product} {ergonomic}
     bool UseG1GC                                  = true                                      {product} {ergonomic}
     bool UseLargePagesIndividualAllocation        = false                                  {pd product} {ergonomic}

Logging:
Log output configuration:
 #0: stdout all=warning uptime,level,tags
 #1: stderr all=off uptime,level,tags

Environment Variables:
JAVA_HOME=C:\Program Files\Java\jdk-11.0.12
PATH=C:/Program Files/Java/jdk-11.0.12/bin/server;C:/Program Files/Java/jdk-11.0.12/bin;C:\Program Files\Java\jdk-11.0.12\bin;C:\Program Files\Common Files\Oracle\Java\javapath;C:\Program Files (x86)\Common Files\Oracle\Java\javapath;C:\WINDOWS\system32;C:\WINDOWS;C:\WINDOWS\System32\Wbem;C:\WINDOWS\System32\WindowsPowerShell\v1.0\;C:\WINDOWS\System32\OpenSSH\;C:\Program Files\nodejs\;C:\Program Files\Microsoft SQL Server\130\Tools\Binn\;C:\Program Files\Microsoft SQL Server\Client SDK\ODBC\170\Tools\Binn\;C:\Program Files (x86)\Microsoft SQL Server\150\Tools\Binn\;C:\Program Files\Microsoft SQL Server\150\Tools\Binn\;C:\Program Files\Microsoft SQL Server\150\DTS\Binn\;C:\Program Files (x86)\Microsoft SQL Server\150\DTS\Binn\;C:\Program Files\Azure Data Studio\bin;C:\Program Files (x86)\Yarn\bin\;C:\Program Files\Git\cmd;C:\Program Files\MySQL\MySQL Shell 8.0\bin\;C:\Program Files\Java\jdk-11.0.12\bin;C:\Users\2001h\AppData\Local\Programs\Python\Python39\Scripts\;C:\Users\2001h\AppData\Local\Programs\Python\Python39\;C:\Users\2001h\AppData\Local\Programs\Python\Launcher\;C:\Program Files\MySQL\MySQL Server 8.0\bin;C:\Users\2001h\AppData\Local\Yarn\bin;C:\Program Files\heroku\client\bin;;C:\Users\2001h\OneDrive\Área de Trabalho;
USERNAME=2001h
OS=Windows_NT
PROCESSOR_IDENTIFIER=Intel64 Family 6 Model 61 Stepping 4, GenuineIntel



---------------  S Y S T E M  ---------------

OS:
 Windows 10 , 64 bit Build 19041 (10.0.19041.1151)
OS uptime: 6 days 6:41 hours

CPU: total 2 (initial active 2) (2 cores per cpu, 1 threads per core) family 6 model 61 stepping 4 microcode 0x2f, cx8, cmov, fxsr, mmx, 3dnowpref, sse, sse2, sse3, ssse3, sse4.1, sse4.2, popcnt, lzcnt, tsc, tscinvbit, erms, clmul, clflush

Memory: 4k page, system-wide physical 3994M (330M free)
TotalPageFile size 8018M (AvailPageFile size 1M)
current process WorkingSet (physical memory assigned to process): 27M, peak: 27M
current process commit charge ("private bytes"): 124M, peak: 125M

vm_info: Java HotSpot(TM) 64-Bit Server VM (16.0.1+9-24) for windows-amd64 JRE (16.0.1+9-24), built on Mar 26 2021 19:31:42 by "mach5one" with MS VC++ 16.7 (VS2019)

END.
